2023-11-09 10:47:38,778 [INFO] Activator:176 - 


2023-11-09 10:47:38,781 [INFO] Activator:177 - !SESSION log4j initialized
2023-11-09 10:47:42,251 [INFO] LogOutputStream:77 - [STDOUT_REDIRECT] 
2023-11-09 10:47:43,249 [INFO] ApplicationProperties:184 - Using Application install path: /opt/st/stm32cubeide_1.13.1/plugins/com.st.stm32cube.common.mx_6.9.1.202307191849
2023-11-09 10:47:43,278 [INFO] DbMcusXml:78 - Set database path to: /opt/st/stm32cubeide_1.13.1/plugins/com.st.stm32cube.common.mx_6.9.1.202307191849//db//mcu/
2023-11-09 10:47:43,279 [INFO] ApiDb:274 - Set plugin database path to: /opt/st/stm32cubeide_1.13.1/plugins/com.st.stm32cube.common.mx_6.9.1.202307191849//db//plugins/boardmanager/
2023-11-09 10:47:43,279 [WARN] ApiDb:259 - Overriding images path with different value:  => /opt/st/stm32cubeide_1.13.1/plugins/com.st.stm32cube.common.mx_6.9.1.202307191849//db//plugins/mcufinder/images/
2023-11-09 10:47:43,302 [INFO] ApiDb:250 - Set database path to: /home/erhangok/.stmcufinder/plugins/mcufinder//mcu/
2023-11-09 10:47:43,305 [INFO] DbMcusAds:125 - Set database path to: /home/erhangok/.stmcufinder/plugins/mcufinder//mcu/
2023-11-09 10:47:43,309 [INFO] CrossReferenceDbSqlite:203 - Set database path to: /home/erhangok/.stmcufinder/plugins/mcufinder//mcu/cs/
2023-11-09 10:47:43,637 [INFO] RulesReader:64 - Compatibility file has been processed (293 Rules)
2023-11-09 10:47:43,808 [INFO] DbMcusXml:78 - Set database path to: /opt/st/stm32cubeide_1.13.1/plugins/com.st.stm32cube.common.mx_6.9.1.202307191849//db//mcu/
2023-11-09 10:47:43,809 [INFO] ApiDb:274 - Set plugin database path to: /opt/st/stm32cubeide_1.13.1/plugins/com.st.stm32cube.common.mx_6.9.1.202307191849//db//plugins/boardmanager/
2023-11-09 10:47:43,809 [INFO] ApiDb:261 - Set plugin images path to: /opt/st/stm32cubeide_1.13.1/plugins/com.st.stm32cube.common.mx_6.9.1.202307191849//db//plugins/mcufinder/images/
2023-11-09 10:47:43,810 [WARN] DbFile:41 - Overriding database path with different value: /home/erhangok/.stmcufinder/plugins/mcufinder/ => /home/erhangok/.stmcufinder/plugins/mcufinder
2023-11-09 10:47:43,810 [INFO] ApiDb:250 - Set database path to: /home/erhangok/.stmcufinder/plugins/mcufinder//mcu/
2023-11-09 10:47:43,810 [WARN] DbFile:41 - Overriding database path with different value: /home/erhangok/.stmcufinder/plugins/mcufinder/ => /home/erhangok/.stmcufinder/plugins/mcufinder
2023-11-09 10:47:43,810 [INFO] DbMcusAds:125 - Set database path to: /home/erhangok/.stmcufinder/plugins/mcufinder//mcu/
2023-11-09 10:47:43,811 [WARN] DbFile:41 - Overriding database path with different value: /home/erhangok/.stmcufinder/plugins/mcufinder/ => /home/erhangok/.stmcufinder/plugins/mcufinder
2023-11-09 10:47:43,811 [WARN] DbFile:41 - Overriding database path with different value: /home/erhangok/.stmcufinder/plugins/mcufinder/ => /home/erhangok/.stmcufinder/plugins/mcufinder
2023-11-09 10:47:43,811 [INFO] CrossReferenceDbSqlite:203 - Set database path to: /home/erhangok/.stmcufinder/plugins/mcufinder//mcu/cs/
2023-11-09 10:47:44,008 [INFO] MainPanel:262 - HeapMemory: 268435456
2023-11-09 10:47:44,167 [INFO] DbMcusXml:78 - Set database path to: /opt/st/stm32cubeide_1.13.1/plugins/com.st.stm32cube.common.mx_6.9.1.202307191849//db//mcu/
2023-11-09 10:47:44,168 [INFO] ApiDb:274 - Set plugin database path to: /opt/st/stm32cubeide_1.13.1/plugins/com.st.stm32cube.common.mx_6.9.1.202307191849//db//plugins/boardmanager/
2023-11-09 10:47:44,168 [INFO] ApiDb:261 - Set plugin images path to: /opt/st/stm32cubeide_1.13.1/plugins/com.st.stm32cube.common.mx_6.9.1.202307191849//db//plugins/mcufinder/images/
2023-11-09 10:47:44,169 [WARN] DbFile:41 - Overriding database path with different value: /home/erhangok/.stmcufinder/plugins/mcufinder/ => /home/erhangok/.stmcufinder/plugins/mcufinder
2023-11-09 10:47:44,169 [INFO] ApiDb:250 - Set database path to: /home/erhangok/.stmcufinder/plugins/mcufinder//mcu/
2023-11-09 10:47:44,169 [WARN] DbFile:41 - Overriding database path with different value: /home/erhangok/.stmcufinder/plugins/mcufinder/ => /home/erhangok/.stmcufinder/plugins/mcufinder
2023-11-09 10:47:44,169 [INFO] DbMcusAds:125 - Set database path to: /home/erhangok/.stmcufinder/plugins/mcufinder//mcu/
2023-11-09 10:47:44,169 [WARN] DbFile:41 - Overriding database path with different value: /home/erhangok/.stmcufinder/plugins/mcufinder/ => /home/erhangok/.stmcufinder/plugins/mcufinder
2023-11-09 10:47:44,169 [WARN] DbFile:41 - Overriding database path with different value: /home/erhangok/.stmcufinder/plugins/mcufinder/ => /home/erhangok/.stmcufinder/plugins/mcufinder
2023-11-09 10:47:44,169 [INFO] CrossReferenceDbSqlite:203 - Set database path to: /home/erhangok/.stmcufinder/plugins/mcufinder//mcu/cs/
2023-11-09 10:47:44,192 [INFO] ApplicationProperties:184 - Using Application install path: /opt/st/stm32cubeide_1.13.1/plugins/com.st.stm32cube.common.mx_6.9.1.202307191849
2023-11-09 10:47:44,194 [INFO] PluginManage:196 - Search for loadable plugins [exclusion list=, ]
2023-11-09 10:47:44,196 [INFO] PluginManage:310 - Check plugin analytics
2023-11-09 10:47:44,377 [INFO] AnalyticsPlugin:253 - Accepted Software Licenses: 
2023-11-09 10:47:44,377 [INFO] AnalyticsPlugin:255 - Accepted CMSIS Pack Licenses: 
2023-11-09 10:47:44,378 [INFO] AnalyticsPlugin:257 - Accepted Firmware Licenses: FW.G0.1.6.0
2023-11-09 10:47:44,380 [INFO] PluginManage:359 - Loaded plugin analytics (category:tool,tabindex:-1)
2023-11-09 10:47:44,381 [INFO] PluginManage:310 - Check plugin cadmodel
2023-11-09 10:47:44,416 [INFO] CADModel:105 - Init CAD model plugin
2023-11-09 10:47:44,417 [INFO] PluginManage:359 - Loaded plugin cadmodel (category:power,tabindex:5)
2023-11-09 10:47:44,417 [INFO] PluginManage:310 - Check plugin clock
2023-11-09 10:47:44,426 [INFO] PluginManage:359 - Loaded plugin clock (category:base,tabindex:2)
2023-11-09 10:47:44,426 [INFO] PluginManage:310 - Check plugin ddr
2023-11-09 10:47:44,429 [INFO] PluginManage:359 - Loaded plugin ddr (category:tool,tabindex:6)
2023-11-09 10:47:44,429 [INFO] PluginManage:310 - Check plugin filemanager
2023-11-09 10:47:44,539 [INFO] PluginManage:359 - Loaded plugin filemanager (category:base,tabindex:10)
2023-11-09 10:47:44,539 [INFO] PluginManage:310 - Check plugin ipmanager
2023-11-09 10:47:44,544 [INFO] PluginManage:359 - Loaded plugin ipmanager (category:base,tabindex:5)
2023-11-09 10:47:44,544 [INFO] PluginManage:310 - Check plugin lpbam
2023-11-09 10:47:44,553 [INFO] PluginManage:359 - Loaded plugin lpbam (category:base,tabindex:0)
2023-11-09 10:47:44,553 [INFO] PluginManage:310 - Check plugin memorymap
2023-11-09 10:47:44,563 [INFO] PluginManage:359 - Loaded plugin memorymap (category:base,tabindex:4)
2023-11-09 10:47:44,563 [INFO] PluginManage:310 - Check plugin pinoutandconfiguration
2023-11-09 10:47:44,570 [INFO] PluginManage:359 - Loaded plugin pinoutandconfiguration (category:base,tabindex:1)
2023-11-09 10:47:44,570 [INFO] PluginManage:310 - Check plugin pinoutconfig
2023-11-09 10:47:44,637 [WARN] SupportedApi:132 - Cannot load RTOS API schema: s4s-elt-must-match.1: The content of 'definitions' must match (annotation?, (simpleType | complexType)?, (unique | key | keyref)*)). A problem was found starting at: attribute.
2023-11-09 10:47:44,745 [INFO] PluginManage:359 - Loaded plugin pinoutconfig (category:base,tabindex:0)
2023-11-09 10:47:44,745 [INFO] PluginManage:310 - Check plugin power
2023-11-09 10:47:44,754 [INFO] PluginManage:359 - Loaded plugin power (category:power,tabindex:4)
2023-11-09 10:47:44,754 [INFO] PluginManage:310 - Check plugin projectmanager
2023-11-09 10:47:44,767 [INFO] PluginManage:359 - Loaded plugin projectmanager (category:projectmanager,tabindex:3)
2023-11-09 10:47:44,767 [INFO] PluginManage:310 - Check plugin thirdparty
2023-11-09 10:47:44,864 [INFO] PluginManage:359 - Loaded plugin thirdparty (category:base,tabindex:-1)
2023-11-09 10:47:44,864 [WARN] IntegrityCheckThread:84 - waiting for thirdparty lock release [integrity check]
2023-11-09 10:47:44,864 [INFO] PluginManage:310 - Check plugin tools
2023-11-09 10:47:44,864 [INFO] IntegrityCheckThread:86 - entering critical section [integrity check]
2023-11-09 10:47:44,865 [INFO] ThirdPartyUpdaterWithRetryManager:70 - Updater plugin not ready yet. [1/15]
2023-11-09 10:47:44,866 [INFO] PluginManage:359 - Loaded plugin tools (category:base,tabindex:7)
2023-11-09 10:47:44,866 [INFO] PluginManage:310 - Check plugin tutovideos
2023-11-09 10:47:45,000 [INFO] PluginManage:359 - Loaded plugin tutovideos (category:base,tabindex:-1)
2023-11-09 10:47:45,000 [INFO] PluginManage:310 - Check plugin updater
2023-11-09 10:47:45,008 [INFO] PluginManage:359 - Loaded plugin updater (category:base,tabindex:12)
2023-11-09 10:47:45,009 [INFO] PluginManage:310 - Check plugin userauth
2023-11-09 10:47:45,012 [INFO] UserAuth:113 - Init User Auth plugin
2023-11-09 10:47:45,012 [INFO] PluginManage:359 - Loaded plugin userauth (category:base,tabindex:14)
2023-11-09 10:47:45,013 [INFO] PluginManage:283 - PluginManage : Loaded plugins [17]
2023-11-09 10:47:45,140 [INFO] PinOutPanel:1499 - setPackage(No Configuration,No Configuration)
2023-11-09 10:47:45,195 [INFO] CADModel:165 - CPN selected for project level
2023-11-09 10:47:45,195 [INFO] CADModel:114 - Register for checkConnection events
2023-11-09 10:47:45,209 [INFO] IPUIPlugin:80 - create IPUIPlugin
2023-11-09 10:47:45,209 [INFO] PluginManager:220 - loadIPPluginJar : add adc
2023-11-09 10:47:45,211 [INFO] IPUIPlugin:80 - create IPUIPlugin
2023-11-09 10:47:45,211 [INFO] PluginManager:220 - loadIPPluginJar : add aes
2023-11-09 10:47:45,213 [INFO] IPUIPlugin:80 - create IPUIPlugin
2023-11-09 10:47:45,213 [INFO] PluginManager:220 - loadIPPluginJar : add can
2023-11-09 10:47:45,214 [INFO] IPUIPlugin:80 - create IPUIPlugin
2023-11-09 10:47:45,214 [INFO] PluginManager:220 - loadIPPluginJar : add comp
2023-11-09 10:47:45,216 [INFO] IPUIPlugin:80 - create IPUIPlugin
2023-11-09 10:47:45,216 [INFO] PluginManager:220 - loadIPPluginJar : add cryp
2023-11-09 10:47:45,218 [INFO] IPUIPlugin:80 - create IPUIPlugin
2023-11-09 10:47:45,218 [INFO] PluginManager:220 - loadIPPluginJar : add dfsdm
2023-11-09 10:47:45,223 [INFO] IPUIPlugin:80 - create IPUIPlugin
2023-11-09 10:47:45,223 [INFO] PluginManager:220 - loadIPPluginJar : add dma
2023-11-09 10:47:45,225 [INFO] IPUIPlugin:80 - create IPUIPlugin
2023-11-09 10:47:45,226 [INFO] PluginManager:220 - loadIPPluginJar : add dma3
2023-11-09 10:47:45,227 [INFO] IPUIPlugin:80 - create IPUIPlugin
2023-11-09 10:47:45,227 [INFO] PluginManager:220 - loadIPPluginJar : add fatfs
2023-11-09 10:47:45,230 [INFO] IPUIPlugin:80 - create IPUIPlugin
2023-11-09 10:47:45,231 [INFO] PluginManager:220 - loadIPPluginJar : add fmc
2023-11-09 10:47:45,236 [INFO] IPUIPlugin:80 - create IPUIPlugin
2023-11-09 10:47:45,237 [INFO] PluginManager:220 - loadIPPluginJar : add freertos
2023-11-09 10:47:45,238 [INFO] IPUIPlugin:80 - create IPUIPlugin
2023-11-09 10:47:45,239 [INFO] PluginManager:220 - loadIPPluginJar : add genericplugin
2023-11-09 10:47:45,241 [INFO] IPUIPlugin:80 - create IPUIPlugin
2023-11-09 10:47:45,241 [INFO] PluginManager:220 - loadIPPluginJar : add gfxmmu
2023-11-09 10:47:45,246 [INFO] IPUIPlugin:80 - create IPUIPlugin
2023-11-09 10:47:45,246 [INFO] PluginManager:220 - loadIPPluginJar : add gic
2023-11-09 10:47:45,251 [INFO] IPUIPlugin:80 - create IPUIPlugin
2023-11-09 10:47:45,251 [INFO] PluginManager:220 - loadIPPluginJar : add gpio
2023-11-09 10:47:45,254 [INFO] IPUIPlugin:80 - create IPUIPlugin
2023-11-09 10:47:45,254 [INFO] PluginManager:220 - loadIPPluginJar : add gtzc
2023-11-09 10:47:45,257 [INFO] IPUIPlugin:80 - create IPUIPlugin
2023-11-09 10:47:45,257 [INFO] PluginManager:220 - loadIPPluginJar : add hash
2023-11-09 10:47:45,259 [INFO] IPUIPlugin:80 - create IPUIPlugin
2023-11-09 10:47:45,259 [INFO] PluginManager:220 - loadIPPluginJar : add i2c
2023-11-09 10:47:45,262 [INFO] IPUIPlugin:80 - create IPUIPlugin
2023-11-09 10:47:45,262 [INFO] PluginManager:220 - loadIPPluginJar : add i2s
2023-11-09 10:47:45,264 [INFO] IPUIPlugin:80 - create IPUIPlugin
2023-11-09 10:47:45,265 [INFO] PluginManager:220 - loadIPPluginJar : add i3c
2023-11-09 10:47:45,269 [INFO] IPUIPlugin:80 - create IPUIPlugin
2023-11-09 10:47:45,269 [INFO] PluginManager:220 - loadIPPluginJar : add ipddr
2023-11-09 10:47:45,276 [INFO] IPUIPlugin:80 - create IPUIPlugin
2023-11-09 10:47:45,277 [INFO] PluginManager:220 - loadIPPluginJar : add linkedlist
2023-11-09 10:47:45,279 [INFO] IPUIPlugin:80 - create IPUIPlugin
2023-11-09 10:47:45,279 [INFO] PluginManager:220 - loadIPPluginJar : add lorawan
2023-11-09 10:47:45,281 [INFO] IPUIPlugin:80 - create IPUIPlugin
2023-11-09 10:47:45,281 [INFO] PluginManager:220 - loadIPPluginJar : add ltdc
2023-11-09 10:47:45,286 [INFO] IPUIPlugin:80 - create IPUIPlugin
2023-11-09 10:47:45,287 [INFO] PluginManager:220 - loadIPPluginJar : add mdma
2023-11-09 10:47:45,290 [INFO] IPUIPlugin:80 - create IPUIPlugin
2023-11-09 10:47:45,290 [INFO] PluginManager:220 - loadIPPluginJar : add nvic
2023-11-09 10:47:45,293 [INFO] IPUIPlugin:80 - create IPUIPlugin
2023-11-09 10:47:45,294 [INFO] PluginManager:220 - loadIPPluginJar : add opamp
2023-11-09 10:47:45,296 [INFO] IPUIPlugin:80 - create IPUIPlugin
2023-11-09 10:47:45,297 [INFO] PluginManager:220 - loadIPPluginJar : add openamp
2023-11-09 10:47:45,300 [INFO] IPUIPlugin:80 - create IPUIPlugin
2023-11-09 10:47:45,300 [INFO] PluginManager:220 - loadIPPluginJar : add pdm2pcm
2023-11-09 10:47:45,306 [INFO] IPUIPlugin:80 - create IPUIPlugin
2023-11-09 10:47:45,308 [INFO] PluginManager:220 - loadIPPluginJar : add plateformsettings
2023-11-09 10:47:45,310 [INFO] IPUIPlugin:80 - create IPUIPlugin
2023-11-09 10:47:45,310 [INFO] PluginManager:220 - loadIPPluginJar : add quadspi
2023-11-09 10:47:45,313 [INFO] IPUIPlugin:80 - create IPUIPlugin
2023-11-09 10:47:45,313 [INFO] PluginManager:220 - loadIPPluginJar : add resmgrutility
2023-11-09 10:47:45,316 [INFO] IPUIPlugin:80 - create IPUIPlugin
2023-11-09 10:47:45,316 [INFO] PluginManager:220 - loadIPPluginJar : add sai
2023-11-09 10:47:45,318 [INFO] IPUIPlugin:80 - create IPUIPlugin
2023-11-09 10:47:45,318 [INFO] PluginManager:220 - loadIPPluginJar : add spi
2023-11-09 10:47:45,322 [INFO] IPUIPlugin:80 - create IPUIPlugin
2023-11-09 10:47:45,322 [INFO] PluginManager:220 - loadIPPluginJar : add stm32_wpan
2023-11-09 10:47:45,323 [INFO] IPUIPlugin:80 - create IPUIPlugin
2023-11-09 10:47:45,323 [INFO] PluginManager:220 - loadIPPluginJar : add tim
2023-11-09 10:47:45,325 [INFO] IPUIPlugin:80 - create IPUIPlugin
2023-11-09 10:47:45,326 [INFO] PluginManager:220 - loadIPPluginJar : add touchsensing
2023-11-09 10:47:45,327 [INFO] IPUIPlugin:80 - create IPUIPlugin
2023-11-09 10:47:45,327 [INFO] PluginManager:220 - loadIPPluginJar : add tracer_emb
2023-11-09 10:47:45,329 [INFO] IPUIPlugin:80 - create IPUIPlugin
2023-11-09 10:47:45,330 [INFO] PluginManager:220 - loadIPPluginJar : add ts
2023-11-09 10:47:45,332 [INFO] IPUIPlugin:80 - create IPUIPlugin
2023-11-09 10:47:45,332 [INFO] PluginManager:220 - loadIPPluginJar : add tsc
2023-11-09 10:47:45,334 [INFO] IPUIPlugin:80 - create IPUIPlugin
2023-11-09 10:47:45,334 [INFO] PluginManager:220 - loadIPPluginJar : add ucpd
2023-11-09 10:47:45,337 [INFO] IPUIPlugin:80 - create IPUIPlugin
2023-11-09 10:47:45,337 [INFO] PluginManager:220 - loadIPPluginJar : add usart
2023-11-09 10:47:45,340 [INFO] IPUIPlugin:80 - create IPUIPlugin
2023-11-09 10:47:45,340 [INFO] PluginManager:220 - loadIPPluginJar : add usbx
2023-11-09 10:47:45,439 [INFO] CADModel:165 - CPN selected for project level
2023-11-09 10:47:45,439 [INFO] CADModel:114 - Register for checkConnection events
2023-11-09 10:47:45,439 [FATAL] Updater:308 - Updater called before beeing initialized
2023-11-09 10:47:45,439 [ERROR] CADModel:125 - Updater not yet initialized, retry later 
2023-11-09 10:47:45,515 [INFO] CADModel:165 - CPN selected for project level
2023-11-09 10:47:45,515 [INFO] CADModel:114 - Register for checkConnection events
2023-11-09 10:47:45,515 [FATAL] Updater:308 - Updater called before beeing initialized
2023-11-09 10:47:45,515 [ERROR] CADModel:125 - Updater not yet initialized, retry later 
2023-11-09 10:47:45,517 [FATAL] Updater:308 - Updater called before beeing initialized
2023-11-09 10:47:45,652 [FATAL] Updater:308 - Updater called before beeing initialized
2023-11-09 10:47:45,656 [INFO] DbMcusAds:53 - JSON generation date=Tue Mar 07 11:50:55 TRT 2023 (1678179055335)
2023-11-09 10:47:45,656 [FATAL] Updater:308 - Updater called before beeing initialized
2023-11-09 10:47:45,682 [WARN] DetailPanel:346 - Failed to get advertising image, set to default
2023-11-09 10:47:45,749 [FATAL] Updater:308 - Updater called before beeing initialized
2023-11-09 10:47:45,750 [FATAL] Updater:308 - Updater called before beeing initialized
2023-11-09 10:47:45,751 [FATAL] Updater:308 - Updater called before beeing initialized
2023-11-09 10:47:45,751 [WARN] DetailPanel:346 - Failed to get advertising image, set to default
2023-11-09 10:47:45,751 [FATAL] Updater:308 - Updater called before beeing initialized
2023-11-09 10:47:45,777 [ERROR] Updater:1120 - MainUpdater not yet initialized. External WinMGr cannot be set.
2023-11-09 10:47:45,778 [INFO] Updater:1056 - Updater Version found : 6.9.1
2023-11-09 10:47:45,790 [INFO] ApplicationProperties:184 - Using Application install path: /opt/st/stm32cubeide_1.13.1/plugins/com.st.stm32cube.common.mx_6.9.1.202307191849
2023-11-09 10:47:46,125 [INFO] MainUpdater:2868 - connection check result : 10
2023-11-09 10:47:46,126 [INFO] MainUpdater:285 - Updater Check For Update Now.
2023-11-09 10:47:46,126 [INFO] MicroXplorer:498 - Change Database Version : DB.6.0.91
2023-11-09 10:47:46,130 [INFO] McuFinderGlobals:63 - Set McuFinder mode to 2 (CubeIDE integrated)
2023-11-09 10:47:46,284 [INFO] CheckServerUpdateThread:120 - End of CheckServer Thread
2023-11-09 10:47:47,928 [WARN] PackLoader:240 - Cannot read IP mode file for STMicroelectronics.X-CUBE-GNSS1.6.0.0
2023-11-09 10:47:47,952 [WARN] PackLoader:240 - Cannot read IP mode file for STMicroelectronics.X-CUBE-AZRTOS-F4.1.1.0
2023-11-09 10:47:47,959 [WARN] PackLoader:240 - Cannot read IP mode file for STMicroelectronics.X-CUBE-SMBUS.2.1.0
2023-11-09 10:47:47,976 [WARN] PackLoader:240 - Cannot read IP mode file for STMicroelectronics.X-CUBE-AZRTOS-F7.1.1.0
2023-11-09 10:47:47,982 [WARN] PackLoader:240 - Cannot read IP mode file for ITTIA_DB.I-CUBE-ITTIADB.8.8.0
2023-11-09 10:47:47,986 [WARN] PackLoader:240 - Cannot read IP mode file for STMicroelectronics.FP-SNS-MOTENV1.4.3.2
2023-11-09 10:47:47,993 [WARN] PackLoader:240 - Cannot read IP mode file for STMicroelectronics.X-CUBE-BLEMGR.2.0.0
2023-11-09 10:47:48,009 [WARN] ConditionMgr:438 - getConditionDescription Invalid condition id : UX DEVICE CLASS RTOS Condition cause : null
2023-11-09 10:47:48,010 [WARN] ConditionMgr:438 - getConditionDescription Invalid condition id : UX DEVICE CLASS RTOS Condition cause : null
2023-11-09 10:47:48,013 [WARN] PackLoader:240 - Cannot read IP mode file for STMicroelectronics.X-CUBE-AZRTOS-H7.3.1.0
2023-11-09 10:47:48,014 [WARN] ConditionMgr:1039 - genDependencies : Invalid condition id : UX DEVICE CLASS RTOS Condition cause : null
2023-11-09 10:47:48,014 [WARN] ConditionMgr:1039 - genDependencies : Invalid condition id : UX DEVICE CLASS RTOS Condition cause : null
2023-11-09 10:47:48,014 [WARN] ConditionMgr:1039 - genDependencies : Invalid condition id : UX DEVICE CLASS RTOS Condition cause : null
2023-11-09 10:47:48,015 [WARN] ConditionMgr:1039 - genDependencies : Invalid condition id : UX DEVICE CLASS RTOS Condition cause : null
2023-11-09 10:47:48,015 [WARN] ConditionMgr:1039 - genDependencies : Invalid condition id : UX DEVICE CLASS RTOS Condition cause : null
2023-11-09 10:47:48,021 [WARN] PackLoader:240 - Cannot read IP mode file for STMicroelectronics.X-CUBE-DISPLAY.3.0.0
2023-11-09 10:47:48,027 [WARN] PackLoader:240 - Cannot read IP mode file for emotas.I-CUBE-CANOPEN.1.3.0
2023-11-09 10:47:48,031 [WARN] PackLoader:240 - Cannot read IP mode file for STMicroelectronics.X-CUBE-NFC7.1.0.1
2023-11-09 10:47:48,035 [WARN] PackLoader:240 - Cannot read IP mode file for STMicroelectronics.X-CUBE-EEPRMA1.4.1.0
2023-11-09 10:47:48,042 [INFO] LogOutputStream:77 - [STDOUT_REDIRECT] 1 : Invalid condition id : UX_CORESTACK_Condition cause : null
2023-11-09 10:47:48,043 [INFO] LogOutputStream:77 - [STDOUT_REDIRECT] 1 : Invalid condition id : UX_CORESTACK_Condition cause : null
2023-11-09 10:47:48,043 [INFO] LogOutputStream:77 - [STDOUT_REDIRECT] 1 : Invalid condition id : UX_CORESTACK_Condition cause : null
2023-11-09 10:47:48,043 [INFO] LogOutputStream:77 - [STDOUT_REDIRECT] 1 : Invalid condition id : UX_CORESTACK_Condition cause : null
2023-11-09 10:47:48,044 [INFO] LogOutputStream:77 - [STDOUT_REDIRECT] 1 : Invalid condition id : UX_CORESTACK_Condition cause : null
2023-11-09 10:47:48,046 [WARN] PackLoader:240 - Cannot read IP mode file for STMicroelectronics.X-CUBE-AZRTOS-WL.2.0.0
2023-11-09 10:47:48,060 [WARN] ConditionMgr:438 - getConditionDescription Invalid condition id : LAN8742 Phy interface Condition cause : null
2023-11-09 10:47:48,060 [WARN] PackLoader:240 - Cannot read IP mode file for STMicroelectronics.X-CUBE-AZRTOS-L4.2.0.0
2023-11-09 10:47:48,061 [WARN] ConditionMgr:1039 - genDependencies : Invalid condition id : LAN8742 Phy interface Condition cause : null
2023-11-09 10:47:48,062 [WARN] ConditionMgr:1039 - genDependencies : Invalid condition id : LAN8742 Phy interface Condition cause : null
2023-11-09 10:47:48,062 [WARN] ConditionMgr:1039 - genDependencies : Invalid condition id : LAN8742 Phy interface Condition cause : null
2023-11-09 10:47:48,075 [WARN] PackLoader:240 - Cannot read IP mode file for WES.I-CUBE-Cesium.1.3.0
2023-11-09 10:47:48,079 [WARN] PackLoader:240 - Cannot read IP mode file for STMicroelectronics.X-CUBE-SFXS2LP1.4.0.0
2023-11-09 10:47:48,083 [WARN] PackLoader:240 - Cannot read IP mode file for STMicroelectronics.X-CUBE-BLE2.3.3.0
2023-11-09 10:47:48,086 [WARN] PackLoader:240 - Cannot read IP mode file for STMicroelectronics.X-CUBE-ISPU.1.1.0
2023-11-09 10:47:48,090 [WARN] PackLoader:240 - Cannot read IP mode file for STMicroelectronics.X-CUBE-ALGOBUILD.1.3.0
2023-11-09 10:47:48,100 [WARN] PackLoader:240 - Cannot read IP mode file for STMicroelectronics.X-CUBE-AZRTOS-G0.1.1.0
2023-11-09 10:47:48,108 [WARN] PackLoader:240 - Cannot read IP mode file for STMicroelectronics.X-CUBE-SUBG2.5.0.0
2023-11-09 10:47:48,114 [WARN] PackLoader:240 - Cannot read IP mode file for STMicroelectronics.X-CUBE-NFC4.3.0.0
2023-11-09 10:47:48,123 [WARN] PackLoader:240 - Cannot read IP mode file for STMicroelectronics.X-CUBE-AZRTOS-G4.2.0.0
2023-11-09 10:47:48,132 [WARN] PackLoader:240 - Cannot read IP mode file for Infineon.AIROC-Wi-Fi-Bluetooth-STM32.1.5.1
2023-11-09 10:47:48,139 [WARN] PackLoader:240 - Cannot read IP mode file for STMicroelectronics.X-CUBE-BLEMGR.3.0.0
2023-11-09 10:47:48,143 [WARN] PackLoader:240 - Cannot read IP mode file for STMicroelectronics.FP-ATR-SIGFOX1.3.2.0
2023-11-09 10:47:48,146 [WARN] PackLoader:240 - Cannot read IP mode file for portGmbH.I-Cube-SoM-uGOAL.1.1.0
2023-11-09 10:47:48,148 [WARN] PackLoader:240 - Cannot read IP mode file for STMicroelectronics.X-CUBE-ALS.1.0.1
2023-11-09 10:47:48,151 [WARN] PackLoader:240 - Cannot read IP mode file for STMicroelectronics.FP-ATR-ASTRA1.2.0.0
2023-11-09 10:47:48,151 [INFO] ThirdParty:978 - Integrity check success = true
2023-11-09 10:47:48,151 [INFO] IntegrityCheckThread:100 - exiting critical section [integrity check]
2023-11-09 10:47:48,152 [INFO] IntegrityCheckThread:103 - End integrity checks thread
2023-11-09 10:48:06,793 [ERROR] LogOutputStream:75 - [STDERR_REDIRECT] SLF4J: Failed to load class "org.slf4j.impl.StaticLoggerBinder".
2023-11-09 10:48:06,793 [ERROR] LogOutputStream:75 - [STDERR_REDIRECT] SLF4J: Defaulting to no-operation (NOP) logger implementation
2023-11-09 10:48:06,793 [ERROR] LogOutputStream:75 - [STDERR_REDIRECT] SLF4J: See http://www.slf4j.org/codes.html#StaticLoggerBinder for further details.
